2026-06-13T11:08:00.819+05:30  INFO 10776 --- [ATMS_WebApp] [main] c.H.ATMS_WebApp.AtmsWebAppApplication    : Starting AtmsWebAppApplication using Java 23.0.2 with PID 10776 (E:\ATMS Web App\ATMS_WebApp\target\classes started by mahee in E:\ATMS Web App\ATMS_WebApp)
2026-06-13T11:08:00.829+05:30  INFO 10776 --- [ATMS_WebApp] [main] c.H.ATMS_WebApp.AtmsWebAppApplication    : No active profile set, falling back to 1 default profile: "default"
2026-06-13T11:08:03.486+05:30  INFO 10776 --- [ATMS_WebApp] [main] .s.d.r.c.RepositoryConfigurationDelegate : Bootstrapping Spring Data JPA repositories in DEFAULT mode.
2026-06-13T11:08:03.640+05:30  INFO 10776 --- [ATMS_WebApp] [main] .s.d.r.c.RepositoryConfigurationDelegate : Finished Spring Data repository scanning in 135 ms. Found 12 JPA repository interfaces.
2026-06-13T11:08:04.921+05:30  INFO 10776 --- [ATMS_WebApp] [main] o.s.b.w.embedded.tomcat.TomcatWebServer  : Tomcat initialized with port 9097 (http)
2026-06-13T11:08:04.948+05:30  INFO 10776 --- [ATMS_WebApp] [main] o.apache.catalina.core.StandardService   : Starting service [Tomcat]
2026-06-13T11:08:04.950+05:30  INFO 10776 --- [ATMS_WebApp] [main] o.apache.catalina.core.StandardEngine    : Starting Servlet engine: [Apache Tomcat/10.1.39]
2026-06-13T11:08:05.046+05:30  INFO 10776 --- [ATMS_WebApp] [main] o.a.c.c.C.[Tomcat].[localhost].[/]       : Initializing Spring embedded WebApplicationContext
2026-06-13T11:08:05.048+05:30  INFO 10776 --- [ATMS_WebApp] [main] w.s.c.ServletWebServerApplicationContext : Root WebApplicationContext: initialization completed in 4129 ms
2026-06-13T11:08:05.732+05:30  INFO 10776 --- [ATMS_WebApp] [main] o.hibernate.jpa.internal.util.LogHelper  : HHH000204: Processing PersistenceUnitInfo [name: default]
2026-06-13T11:08:05.822+05:30  INFO 10776 --- [ATMS_WebApp] [main] org.hibernate.Version                    : HHH000412: Hibernate ORM core version 6.6.11.Final
2026-06-13T11:08:05.873+05:30  INFO 10776 --- [ATMS_WebApp] [main] o.h.c.internal.RegionFactoryInitiator    : HHH000026: Second-level cache disabled
2026-06-13T11:08:06.257+05:30  INFO 10776 --- [ATMS_WebApp] [main] o.s.o.j.p.SpringPersistenceUnitInfo      : No LoadTimeWeaver setup: ignoring JPA class transformer
2026-06-13T11:08:06.294+05:30  INFO 10776 --- [ATMS_WebApp] [main] com.zaxxer.hikari.HikariDataSource       : HikariPool-1 - Starting...
2026-06-13T11:08:06.568+05:30  INFO 10776 --- [ATMS_WebApp] [main] com.zaxxer.hikari.pool.HikariPool        : HikariPool-1 - Added connection org.postgresql.jdbc.PgConnection@54234569
2026-06-13T11:08:06.579+05:30  INFO 10776 --- [ATMS_WebApp] [main] com.zaxxer.hikari.HikariDataSource       : HikariPool-1 - Start completed.
2026-06-13T11:08:06.636+05:30  WARN 10776 --- [ATMS_WebApp] [main] org.hibernate.orm.deprecation            : HHH90000025: PostgreSQLDialect does not need to be specified explicitly using 'hibernate.dialect' (remove the property setting and it will be selected by default)
2026-06-13T11:08:06.662+05:30  INFO 10776 --- [ATMS_WebApp] [main] org.hibernate.orm.connections.pooling    : HHH10001005: Database info:
	Database JDBC URL [Connecting through datasource 'HikariDataSource (HikariPool-1)']
	Database driver: undefined/unknown
	Database version: 18.4
	Autocommit mode: undefined/unknown
	Isolation level: undefined/unknown
	Minimum pool size: undefined/unknown
	Maximum pool size: undefined/unknown
2026-06-13T11:08:08.157+05:30  INFO 10776 --- [ATMS_WebApp] [main] o.h.e.t.j.p.i.JtaPlatformInitiator       : HHH000489: No JTA platform available (set 'hibernate.transaction.jta.platform' to enable JTA platform integration)
2026-06-13T11:08:08.738+05:30  INFO 10776 --- [ATMS_WebApp] [main] j.LocalContainerEntityManagerFactoryBean : Initialized JPA EntityManagerFactory for persistence unit 'default'
2026-06-13T11:08:09.974+05:30  WARN 10776 --- [ATMS_WebApp] [main] JpaBaseConfiguration$JpaWebConfiguration : spring.jpa.open-in-view is enabled by default. Therefore, database queries may be performed during view rendering. Explicitly configure spring.jpa.open-in-view to disable this warning
2026-06-13T11:08:10.069+05:30  INFO 10776 --- [ATMS_WebApp] [main] eAuthenticationProviderManagerConfigurer : Global AuthenticationManager configured with AuthenticationProvider bean with name authenticationProvider
2026-06-13T11:08:10.071+05:30  WARN 10776 --- [ATMS_WebApp] [main] r$InitializeUserDetailsManagerConfigurer : Global AuthenticationManager configured with an AuthenticationProvider bean. UserDetailsService beans will not be used by Spring Security for automatically configuring username/password login. Consider removing the AuthenticationProvider bean. Alternatively, consider using the UserDetailsService in a manually instantiated DaoAuthenticationProvider. If the current configuration is intentional, to turn off this warning, increase the logging level of 'org.springframework.security.config.annotation.authentication.configuration.InitializeUserDetailsBeanManagerConfigurer' to ERROR
2026-06-13T11:08:11.179+05:30  INFO 10776 --- [ATMS_WebApp] [main] o.s.b.w.embedded.tomcat.TomcatWebServer  : Tomcat started on port 9097 (http) with context path '/'
2026-06-13T11:08:11.179+05:30  INFO 10776 --- [ATMS_WebApp] [main] c.H.ATMS_WebApp.AtmsWebAppApplication    : Started AtmsWebAppApplication in 11.053 seconds (process running for 12.44)
2026-06-13T11:15:08.411+05:30  INFO 10776 --- [ATMS_WebApp] [SpringApplicationShutdownHook] o.s.b.w.e.tomcat.GracefulShutdown        : Commencing graceful shutdown. Waiting for active requests to complete
2026-06-13T11:15:08.451+05:30  INFO 10776 --- [ATMS_WebApp] [tomcat-shutdown] o.s.b.w.e.tomcat.GracefulShutdown        : Graceful shutdown complete
2026-06-13T11:15:08.460+05:30  INFO 10776 --- [ATMS_WebApp] [SpringApplicationShutdownHook] j.LocalContainerEntityManagerFactoryBean : Closing JPA EntityManagerFactory for persistence unit 'default'
2026-06-13T11:15:08.466+05:30  INFO 10776 --- [ATMS_WebApp] [SpringApplicationShutdownHook] com.zaxxer.hikari.HikariDataSource       : HikariPool-1 - Shutdown initiated...
2026-06-13T11:15:08.480+05:30  INFO 10776 --- [ATMS_WebApp] [SpringApplicationShutdownHook] com.zaxxer.hikari.HikariDataSource       : HikariPool-1 - Shutdown completed.
